<?xml version="1.0" encoding="UTF-8"?>
<!-- Generated by org.testng.reporters.JUnitReportReporter -->
<testsuite hostname="OAHOPVDISP0818" name="com.qa.testCases.DemoTest" tests="1" failures="0" timestamp="10 Feb 2020 12:25:20 GMT" time="12.722" errors="0">
  <testcase name="optionsTest" time="12.722" classname="com.qa.testCases.DemoTest"/>
</testsuite> <!-- com.qa.testCases.DemoTest -->
